<?xml version="1.0" encoding="UTF-8"?>
<testng-results skipped="0" failed="0" ignored="6" total="7" passed="1">
  <reporter-output>
  </reporter-output>
  <suite name="Default suite" duration-ms="20940" started-at="2017-12-25T20:05:06Z" finished-at="2017-12-25T20:05:27Z">
    <groups>
    </groups>
    <test name="Default test" duration-ms="20940" started-at="2017-12-25T20:05:06Z" finished-at="2017-12-25T20:05:27Z">
      <class name="by.http.tstng.tstng_study.AppTestXPath">
        <test-method status="PASS" signature="beforeSuite()[pri:0, instance:by.http.tstng.tstng_study.AppTestXPath@482f8f11]" name="beforeSuite" is-config="true" duration-ms="9" started-at="2017-12-25T23:05:06Z" finished-at="2017-12-25T23:05:06Z">
          <reporter-output>
          </reporter-output>
        </test-method> <!-- beforeSuite -->
        <test-method status="PASS" signature="beforeClass()[pri:0, instance:by.http.tstng.tstng_study.AppTestXPath@482f8f11]" name="beforeClass" is-config="true" duration-ms="8114" started-at="2017-12-25T23:05:06Z" finished-at="2017-12-25T23:05:14Z">
          <reporter-output>
          </reporter-output>
        </test-method> <!-- beforeClass -->
        <test-method status="PASS" signature="beforeMethod()[pri:0, instance:by.http.tstng.tstng_study.AppTestXPath@482f8f11]" name="beforeMethod" is-config="true" duration-ms="0" started-at="2017-12-25T23:05:14Z" finished-at="2017-12-25T23:05:14Z">
          <reporter-output>
          </reporter-output>
        </test-method> <!-- beforeMethod -->
        <test-method status="PASS" signature="task6()[pri:0, instance:by.http.tstng.tstng_study.AppTestXPath@482f8f11]" name="task6" duration-ms="12676" started-at="2017-12-25T23:05:14Z" finished-at="2017-12-25T23:05:27Z">
          <reporter-output>
          </reporter-output>
        </test-method> <!-- task6 -->
        <test-method status="PASS" signature="AfterMethod()[pri:0, instance:by.http.tstng.tstng_study.AppTestXPath@482f8f11]" name="AfterMethod" is-config="true" duration-ms="1" started-at="2017-12-25T23:05:27Z" finished-at="2017-12-25T23:05:27Z">
          <reporter-output>
          </reporter-output>
        </test-method> <!-- AfterMethod -->
        <test-method status="PASS" signature="AfterClass()[pri:0, instance:by.http.tstng.tstng_study.AppTestXPath@482f8f11]" name="AfterClass" is-config="true" duration-ms="127" started-at="2017-12-25T23:05:27Z" finished-at="2017-12-25T23:05:27Z">
          <reporter-output>
          </reporter-output>
        </test-method> <!-- AfterClass -->
        <test-method status="PASS" signature="AfterTest()[pri:0, instance:by.http.tstng.tstng_study.AppTestXPath@482f8f11]" name="AfterTest" is-config="true" duration-ms="1" started-at="2017-12-25T23:05:27Z" finished-at="2017-12-25T23:05:27Z">
          <reporter-output>
          </reporter-output>
        </test-method> <!-- AfterTest -->
        <test-method status="PASS" signature="AfterSuite()[pri:0, instance:by.http.tstng.tstng_study.AppTestXPath@482f8f11]" name="AfterSuite" is-config="true" duration-ms="1" started-at="2017-12-25T23:05:27Z" finished-at="2017-12-25T23:05:27Z">
          <reporter-output>
          </reporter-output>
        </test-method> <!-- AfterSuite -->
      </class> <!-- by.http.tstng.tstng_study.AppTestXPath -->
    </test> <!-- Default test -->
  </suite> <!-- Default suite -->
</testng-results>
