<?xml version="1.0" encoding="UTF-8"?>
<!-- Generated by org.testng.reporters.JUnitXMLReporter -->
<testsuite hostname="Anie" ignored="6" name="Default test" tests="1" failures="0" timestamp="25 Dec 2017 20:05:27 GMT" time="20.94" errors="0">
  <testcase name="task6" time="12.676" classname="by.http.tstng.tstng_study.AppTestXPath"/>
  <testcase name="task5" time="0.0" classname="by.http.tstng.tstng_study.AppTestXPath">
    <ignored/>
  </testcase> <!-- task5 -->
  <testcase name="task4" time="0.0" classname="by.http.tstng.tstng_study.AppTestXPath">
    <ignored/>
  </testcase> <!-- task4 -->
  <testcase name="task2" time="0.0" classname="by.http.tstng.tstng_study.AppTestXPath">
    <ignored/>
  </testcase> <!-- task2 -->
  <testcase name="task5OneMoreTest" time="0.0" classname="by.http.tstng.tstng_study.AppTestXPath">
    <ignored/>
  </testcase> <!-- task5OneMoreTest -->
  <testcase name="task5OneMoreTestPlus" time="0.0" classname="by.http.tstng.tstng_study.AppTestXPath">
    <ignored/>
  </testcase> <!-- task5OneMoreTestPlus -->
  <testcase name="task1" time="0.0" classname="by.http.tstng.tstng_study.AppTestXPath">
    <ignored/>
  </testcase> <!-- task1 -->
</testsuite> <!-- Default test -->
