<?xml version="1.0" encoding="UTF-8"?>
<testng-results skipped="0" failed="0" ignored="0" total="2" passed="2">
  <reporter-output>
  </reporter-output>
  <suite name="by.http.tstng.tstng_study.AppTest" duration-ms="24" started-at="2017-12-11T16:13:18Z" finished-at="2017-12-11T16:13:18Z">
    <groups>
    </groups>
    <test name="Command line test" duration-ms="24" started-at="2017-12-11T16:13:18Z" finished-at="2017-12-11T16:13:18Z">
      <class name="by.http.tstng.tstng_study.AppTest">
        <test-method status="PASS" signature="beforeSuite()[pri:0, instance:by.http.tstng.tstng_study.AppTest@340f438e]" name="beforeSuite" is-config="true" duration-ms="13" started-at="2017-12-11T19:13:18Z" finished-at="2017-12-11T19:13:18Z">
          <reporter-output>
          </reporter-output>
        </test-method> <!-- beforeSuite -->
        <test-method status="PASS" signature="beforeClass()[pri:0, instance:by.http.tstng.tstng_study.AppTest@340f438e]" name="beforeClass" is-config="true" duration-ms="0" started-at="2017-12-11T19:13:18Z" finished-at="2017-12-11T19:13:18Z">
          <reporter-output>
          </reporter-output>
        </test-method> <!-- beforeClass -->
        <test-method status="PASS" signature="beforeMethod()[pri:0, instance:by.http.tstng.tstng_study.AppTest@340f438e]" name="beforeMethod" is-config="true" duration-ms="0" started-at="2017-12-11T19:13:18Z" finished-at="2017-12-11T19:13:18Z">
          <reporter-output>
          </reporter-output>
        </test-method> <!-- beforeMethod -->
        <test-method status="PASS" signature="test1()[pri:0, instance:by.http.tstng.tstng_study.AppTest@340f438e]" name="test1" duration-ms="2" started-at="2017-12-11T19:13:18Z" finished-at="2017-12-11T19:13:18Z">
          <reporter-output>
          </reporter-output>
        </test-method> <!-- test1 -->
        <test-method status="PASS" signature="AfterMethod()[pri:0, instance:by.http.tstng.tstng_study.AppTest@340f438e]" name="AfterMethod" is-config="true" duration-ms="0" started-at="2017-12-11T19:13:18Z" finished-at="2017-12-11T19:13:18Z">
          <reporter-output>
          </reporter-output>
        </test-method> <!-- AfterMethod -->
        <test-method status="PASS" signature="test2()[pri:0, instance:by.http.tstng.tstng_study.AppTest@340f438e]" name="test2" duration-ms="0" started-at="2017-12-11T19:13:18Z" finished-at="2017-12-11T19:13:18Z">
          <reporter-output>
          </reporter-output>
        </test-method> <!-- test2 -->
        <test-method status="PASS" signature="beforeMethod()[pri:0, instance:by.http.tstng.tstng_study.AppTest@340f438e]" name="beforeMethod" is-config="true" duration-ms="0" started-at="2017-12-11T19:13:18Z" finished-at="2017-12-11T19:13:18Z">
          <reporter-output>
          </reporter-output>
        </test-method> <!-- beforeMethod -->
        <test-method status="PASS" signature="AfterClass()[pri:0, instance:by.http.tstng.tstng_study.AppTest@340f438e]" name="AfterClass" is-config="true" duration-ms="0" started-at="2017-12-11T19:13:18Z" finished-at="2017-12-11T19:13:18Z">
          <reporter-output>
          </reporter-output>
        </test-method> <!-- AfterClass -->
        <test-method status="PASS" signature="AfterMethod()[pri:0, instance:by.http.tstng.tstng_study.AppTest@340f438e]" name="AfterMethod" is-config="true" duration-ms="0" started-at="2017-12-11T19:13:18Z" finished-at="2017-12-11T19:13:18Z">
          <reporter-output>
          </reporter-output>
        </test-method> <!-- AfterMethod -->
        <test-method status="PASS" signature="AfterTest()[pri:0, instance:by.http.tstng.tstng_study.AppTest@340f438e]" name="AfterTest" is-config="true" duration-ms="1" started-at="2017-12-11T19:13:18Z" finished-at="2017-12-11T19:13:18Z">
          <reporter-output>
          </reporter-output>
        </test-method> <!-- AfterTest -->
        <test-method status="PASS" signature="AfterSuite()[pri:0, instance:by.http.tstng.tstng_study.AppTest@340f438e]" name="AfterSuite" is-config="true" duration-ms="0" started-at="2017-12-11T19:13:18Z" finished-at="2017-12-11T19:13:18Z">
          <reporter-output>
          </reporter-output>
        </test-method> <!-- AfterSuite -->
      </class> <!-- by.http.tstng.tstng_study.AppTest -->
    </test> <!-- Command line test -->
  </suite> <!-- by.http.tstng.tstng_study.AppTest -->
</testng-results>
